2024-04-27 05:24:13,624 Using selector: EpollSelector
2024-04-27 05:24:14,373 Error: BrowserType.launch: Target page, context or browser has been closed
Browser logs:

<launching> /home/runner/.cache/ms-playwright/chromium-1112/chrome-linux/chrome --disable-field-trial-config --disable-background-networking --enable-features=NetworkService,NetworkServiceInProcess --disable-background-timer-throttling --disable-backgrounding-occluded-windows --disable-back-forward-cache --disable-breakpad --disable-client-side-phishing-detection --disable-component-extensions-with-background-pages --disable-component-update --no-default-browser-check --disable-default-apps --disable-dev-shm-usage --disable-extensions --disable-features=ImprovedCookieControls,LazyFrameLoading,GlobalMediaControls,DestroyProfileOnBrowserClose,MediaRouter,DialMediaRouteProvider,AcceptCHFrame,AutoExpandDetailsElement,CertificateTransparencyComponentUpdater,AvoidUnnecessaryBeforeUnloadCheckSync,Translate,HttpsUpgrades,PaintHolding --allow-pre-commit-input --disable-hang-monitor --disable-ipc-flooding-protection --disable-popup-blocking --disable-prompt-on-repost --disable-renderer-backgrounding --force-color-profile=srgb --metrics-recording-only --no-first-run --enable-automation --password-store=basic --use-mock-keychain --no-service-autorun --export-tagged-pdf --disable-search-engine-choice-screen --headless --hide-scrollbars --mute-audio --blink-settings=primaryHoverType=2,availableHoverTypes=2,primaryPointerType=4,availablePointerTypes=4 --no-sandbox --disable-gpu --single-process --user-data-dir=/tmp/playwright_chromiumdev_profile-LFpwfu --remote-debugging-pipe --no-startup-window
<launched> pid=3026
[pid=3026][err] [0427/052413.926617:WARNING:audio_manager_linux.cc(53)] Falling back to ALSA for audio output. PulseAudio is not available or could not be initialized.
[pid=3026][err] Received signal 11 SI_KERNEL000000000000
[pid=3026][err]  Possibly a General Protection Fault, can be due to a non-canonical address dereference. See "Intel 64 and IA-32 Architectures Software Developer’s Manual", Volume 1, Section 3.3.7.1.
[pid=3026][err] #0 0x55d523b667b2 base::debug::CollectStackTrace()
[pid=3026][err] #1 0x55d523b54383 base::debug::StackTrace::StackTrace()
[pid=3026][err] #2 0x55d523b661d1 base::debug::(anonymous namespace)::StackDumpSignalHandler()
[pid=3026][err] #3 0x7fc232a42520 (/usr/lib/x86_64-linux-gnu/libc.so.6+0x4251f)
[pid=3026][err] #4 0x7fc232a44c1d getenv
[pid=3026][err] #5 0x55d524536ab6 FcConfigXdgConfigHome
[pid=3026][err] #6 0x55d524551c3b FcParseInclude
[pid=3026][err] #7 0x55d5245511bf FcEndElement
[pid=3026][err] #8 0x55d52456faef xmlParseEndTag1
[pid=3026][err] #9 0x55d524572ff2 xmlParseChunk
[pid=3026][err] #10 0x55d524550777 FcConfigParseAndLoadFromMemoryInternal
[pid=3026][err] #11 0x55d5245502cc _FcConfigParse
[pid=3026][err] #12 0x55d524550353 _FcConfigParse
[pid=3026][err] #13 0x55d524551a78 FcParseInclude
[pid=3026][err] #14 0x55d5245511bf FcEndElement
[pid=3026][err] #15 0x55d52456faef xmlParseEndTag1
[pid=3026][err] #16 0x55d524572ff2 xmlParseChunk
[pid=3026][err] #17 0x55d524550777 FcConfigParseAndLoadFromMemoryInternal
[pid=3026][err] #18 0x55d5245502cc _FcConfigParse
[pid=3026][err] #19 0x55d524543a2b FcInitLoadOwnConfig
[pid=3026][err] #20 0x55d524543c81 IA__FcInitLoadConfigAndFonts
[pid=3026][err] #21 0x55d524533eb1 FcConfigInit
[pid=3026][err] #22 0x55d524dd1e55 base::NoDestructor<>::NoDestructor<>()
[pid=3026][err] #23 0x55d524dd1de6 base::internal::Invoker<>::RunOnce()
[pid=3026][err] #24 0x55d523af887f base::TaskAnnotator::RunTaskImpl()
[pid=3026][err] #25 0x55d523b1b287 base::internal::TaskTracker::RunTaskImpl()
[pid=3026][err] #26 0x55d523b1b321 base::internal::TaskTracker::RunSkipOnShutdown()
[pid=3026][err] #27 0x55d523b1b006 base::internal::TaskTracker::RunTask()
[pid=3026][err] #28 0x55d523b1ab76 base::internal::TaskTracker::RunAndPopNextTask()
[pid=3026][err] #29 0x55d523b2d848 base::internal::WorkerThread::RunWorker()
[pid=3026][err] #30 0x55d523b2d46d base::internal::WorkerThread::RunPooledWorker()
[pid=3026][err] #31 0x55d523b2d36d base::internal::WorkerThread::ThreadMain()
[pid=3026][err] #32 0x55d523b49fbf base::(anonymous namespace)::ThreadFunc()
[pid=3026][err] #33 0x7fc232a94ac3 (/usr/lib/x86_64-linux-gnu/libc.so.6+0x94ac2)
[pid=3026][err] #34 0x7fc232b26850 (/usr/lib/x86_64-linux-gnu/libc.so.6+0x12684f)
[pid=3026][err]   r8: 000055d51d48e5cc  r9: 0000000000000010 r10: 0000000000000042 r11: 00003e0c000ed620
[pid=3026][err]  r12: 00dc220050290000 r13: 000000000000000f r14: 000000000000000d r15: 000055d51cc2e764
[pid=3026][err]   di: 000055d51cc2e762  si: 000055d51c9e243f  bp: 0000000000004458  bx: 000029500022c800
[pid=3026][err]   dx: 000055d51cc2e762  ax: 000000000000000f  cx: 0000000000000000  sp: 00007fc22cfebdd0
[pid=3026][err]   ip: 00007fc232a44c1d efl: 0000000000010206 cgf: 002b000000000033 erf: 0000000000000000
[pid=3026][err]  trp: 000000000000000d msk: 0000000000000000 cr2: 0000000000000000
[pid=3026][err] [end of stack trace]
Call log:
<launching> /home/runner/.cache/ms-playwright/chromium-1112/chrome-linux/chrome --disable-field-trial-config --disable-background-networking --enable-features=NetworkService,NetworkServiceInProcess --disable-background-timer-throttling --disable-backgrounding-occluded-windows --disable-back-forward-cache --disable-breakpad --disable-client-side-phishing-detection --disable-component-extensions-with-background-pages --disable-component-update --no-default-browser-check --disable-default-apps --disable-dev-shm-usage --disable-extensions --disable-features=ImprovedCookieControls,LazyFrameLoading,GlobalMediaControls,DestroyProfileOnBrowserClose,MediaRouter,DialMediaRouteProvider,AcceptCHFrame,AutoExpandDetailsElement,CertificateTransparencyComponentUpdater,AvoidUnnecessaryBeforeUnloadCheckSync,Translate,HttpsUpgrades,PaintHolding --allow-pre-commit-input --disable-hang-monitor --disable-ipc-flooding-protection --disable-popup-blocking --disable-prompt-on-repost --disable-renderer-backgrounding --force-color-profile=srgb --metrics-recording-only --no-first-run --enable-automation --password-store=basic --use-mock-keychain --no-service-autorun --export-tagged-pdf --disable-search-engine-choice-screen --headless --hide-scrollbars --mute-audio --blink-settings=primaryHoverType=2,availableHoverTypes=2,primaryPointerType=4,availablePointerTypes=4 --no-sandbox --disable-gpu --single-process --user-data-dir=/tmp/playwright_chromiumdev_profile-LFpwfu --remote-debugging-pipe --no-startup-window
  - <launched> pid=3026
  - [pid=3026][err] [0427/052413.926617:WARNING:audio_manager_linux.cc(53)] Falling back to ALSA for audio output. PulseAudio is not available or could not be initialized.
  - [pid=3026][err] Received signal 11 SI_KERNEL000000000000
  - [pid=3026][err]  Possibly a General Protection Fault, can be due to a non-canonical address dereference. See "Intel 64 and IA-32 Architectures Software Developer’s Manual", Volume 1, Section 3.3.7.1.
  - [pid=3026][err] #0 0x55d523b667b2 base::debug::CollectStackTrace()
  - [pid=3026][err] #1 0x55d523b54383 base::debug::StackTrace::StackTrace()
  - [pid=3026][err] #2 0x55d523b661d1 base::debug::(anonymous namespace)::StackDumpSignalHandler()
  - [pid=3026][err] #3 0x7fc232a42520 (/usr/lib/x86_64-linux-gnu/libc.so.6+0x4251f)
  - [pid=3026][err] #4 0x7fc232a44c1d getenv
  - [pid=3026][err] #5 0x55d524536ab6 FcConfigXdgConfigHome
  - [pid=3026][err] #6 0x55d524551c3b FcParseInclude
  - [pid=3026][err] #7 0x55d5245511bf FcEndElement
  - [pid=3026][err] #8 0x55d52456faef xmlParseEndTag1
  - [pid=3026][err] #9 0x55d524572ff2 xmlParseChunk
  - [pid=3026][err] #10 0x55d524550777 FcConfigParseAndLoadFromMemoryInternal
  - [pid=3026][err] #11 0x55d5245502cc _FcConfigParse
  - [pid=3026][err] #12 0x55d524550353 _FcConfigParse
  - [pid=3026][err] #13 0x55d524551a78 FcParseInclude
  - [pid=3026][err] #14 0x55d5245511bf FcEndElement
  - [pid=3026][err] #15 0x55d52456faef xmlParseEndTag1
  - [pid=3026][err] #16 0x55d524572ff2 xmlParseChunk
  - [pid=3026][err] #17 0x55d524550777 FcConfigParseAndLoadFromMemoryInternal
  - [pid=3026][err] #18 0x55d5245502cc _FcConfigParse
  - [pid=3026][err] #19 0x55d524543a2b FcInitLoadOwnConfig
  - [pid=3026][err] #20 0x55d524543c81 IA__FcInitLoadConfigAndFonts
  - [pid=3026][err] #21 0x55d524533eb1 FcConfigInit
  - [pid=3026][err] #22 0x55d524dd1e55 base::NoDestructor<>::NoDestructor<>()
  - [pid=3026][err] #23 0x55d524dd1de6 base::internal::Invoker<>::RunOnce()
  - [pid=3026][err] #24 0x55d523af887f base::TaskAnnotator::RunTaskImpl()
  - [pid=3026][err] #25 0x55d523b1b287 base::internal::TaskTracker::RunTaskImpl()
  - [pid=3026][err] #26 0x55d523b1b321 base::internal::TaskTracker::RunSkipOnShutdown()
  - [pid=3026][err] #27 0x55d523b1b006 base::internal::TaskTracker::RunTask()
  - [pid=3026][err] #28 0x55d523b1ab76 base::internal::TaskTracker::RunAndPopNextTask()
  - [pid=3026][err] #29 0x55d523b2d848 base::internal::WorkerThread::RunWorker()
  - [pid=3026][err] #30 0x55d523b2d46d base::internal::WorkerThread::RunPooledWorker()
  - [pid=3026][err] #31 0x55d523b2d36d base::internal::WorkerThread::ThreadMain()
  - [pid=3026][err] #32 0x55d523b49fbf base::(anonymous namespace)::ThreadFunc()
  - [pid=3026][err] #33 0x7fc232a94ac3 (/usr/lib/x86_64-linux-gnu/libc.so.6+0x94ac2)
  - [pid=3026][err] #34 0x7fc232b26850 (/usr/lib/x86_64-linux-gnu/libc.so.6+0x12684f)
  - [pid=3026][err]   r8: 000055d51d48e5cc  r9: 0000000000000010 r10: 0000000000000042 r11: 00003e0c000ed620
  - [pid=3026][err]  r12: 00dc220050290000 r13: 000000000000000f r14: 000000000000000d r15: 000055d51cc2e764
  - [pid=3026][err]   di: 000055d51cc2e762  si: 000055d51c9e243f  bp: 0000000000004458  bx: 000029500022c800
  - [pid=3026][err]   dx: 000055d51cc2e762  ax: 000000000000000f  cx: 0000000000000000  sp: 00007fc22cfebdd0
  - [pid=3026][err]   ip: 00007fc232a44c1d efl: 0000000000010206 cgf: 002b000000000033 erf: 0000000000000000
  - [pid=3026][err]  trp: 000000000000000d msk: 0000000000000000 cr2: 0000000000000000
  - [pid=3026][err] [end of stack trace]

